<?xml version="1.0" encoding="UTF-8"?>
<!-- Generated by org.testng.reporters.JUnitReportReporter -->
<testsuite hostname="DESKTOP-EHJU57V" failures="0" tests="1" name="com.hrapp.testsuite.EmployeeProfile" time="27.763" errors="0" timestamp="2022-11-07T23:52:16 IST" skipped="0">
  <testcase classname="com.hrapp.testsuite.EmployeeProfile" name="loginToApp" time="27.763"/>
  <system-out/>
</testsuite> <!-- com.hrapp.testsuite.EmployeeProfile -->
