<?xml version="1.0" encoding="UTF-8"?>
<!-- Generated by org.testng.reporters.JUnitReportReporter -->
<testsuite hostname="DESKTOP-EHJU57V" failures="0" tests="1" name="com.hrapp.testsuite.AttendanceReport" time="43.406" errors="0" timestamp="2022-11-08T22:47:33 IST" skipped="0">
  <testcase classname="com.hrapp.testsuite.AttendanceReport" name="loginToApp" time="43.406"/>
  <system-out/>
</testsuite> <!-- com.hrapp.testsuite.AttendanceReport -->
