<?xml version="1.0" encoding="UTF-8"?>
<!-- Generated by org.testng.reporters.JUnitReportReporter -->
<testsuite hostname="DESKTOP-EHJU57V" failures="0" tests="1" name="com.hrapp.testsuite.ValidLogin" time="22.695" errors="0" timestamp="2022-11-08T22:43:02 IST" skipped="0">
  <testcase classname="com.hrapp.testsuite.ValidLogin" name="loginToApp" time="22.695"/>
  <system-out/>
</testsuite> <!-- com.hrapp.testsuite.ValidLogin -->
